# JRE version: Java(TM) SE Runtime Environment (18.0.2+9) (build 18.0.2+9-61)
# Java VM: Java HotSpot(TM) 64-Bit Server VM (18.0.2+9-61, mixed mode, sharing, tiered, compressed oops, compressed class ptrs, g1 gc, windows-amd64)
GC Precious Log:
 CardTable entry size: 512
 Card Set container configuration: InlinePtr #cards 5 size 8 Array Of Cards #cards 12 size 40 Howl #buckets 4 coarsen threshold 1843 Howl Bitmap #cards 512 size 80 coarsen threshold 460 Card regions per heap region 1 cards per card region 2048
 CPUs: 4 total, 4 available
 Memory: 7886M
 Large Page Support: Disabled
 NUMA Support: Disabled
 Compressed Oops: Enabled (32-bit)
 Heap Region Size: 1M
 Heap Min Capacity: 8M
 Heap Initial Capacity: 124M
 Heap Max Capacity: 1972M
 Pre-touch: Disabled
 Parallel Workers: 4
 Concurrent Workers: 1
 Concurrent Refinement Workers: 4
 Periodic GC: Disabled
Heap:
 garbage-first heap   total 167936K, used 97559K [0x0000000084c00000, 0x0000000100000000)
  region size 1024K, 1 young (1024K), 1 survivors (1024K)
 Metaspace       used 4685K, committed 4864K, reserved 1114112K
  class space    used 486K, committed 576K, reserved 1048576K
GC Heap History (11 events):
Event: 0.227 GC heap before
{Heap before GC invocations=0 (full 0):
 garbage-first heap   total 126976K, used 6144K [0x0000000084c00000, 0x0000000100000000)
  region size 1024K, 7 young (7168K), 0 survivors (0K)
 Metaspace       used 4559K, committed 4672K, reserved 1114112K
  class space    used 478K, committed 512K, reserved 1048576K
}
Event: 0.230 GC heap after
{Heap after GC invocations=1 (full 0):
 garbage-first heap   total 126976K, used 2298K [0x0000000084c00000, 0x0000000100000000)
  region size 1024K, 2 young (2048K), 2 survivors (2048K)
 Metaspace       used 4559K, committed 4672K, reserved 1114112K
  class space    used 478K, committed 512K, reserved 1048576K
}
Event: 0.303 GC heap before
{Heap before GC invocations=1 (full 0):
 garbage-first heap   total 126976K, used 106746K [0x0000000084c00000, 0x0000000100000000)
  region size 1024K, 12 young (12288K), 2 survivors (2048K)
 Metaspace       used 4665K, committed 4864K, reserved 1114112K
  class space    used 484K, committed 576K, reserved 1048576K
}
Event: 0.305 GC heap after
{Heap after GC invocations=2 (full 0):
 garbage-first heap   total 126976K, used 97705K [0x0000000084c00000, 0x0000000100000000)
  region size 1024K, 1 young (1024K), 1 survivors (1024K)
 Metaspace       used 4665K, committed 4864K, reserved 1114112K
  class space    used 484K, committed 576K, reserved 1048576K
}
Event: 0.330 GC heap before
{Heap before GC invocations=2 (full 0):
 garbage-first heap   total 126976K, used 103849K [0x0000000084c00000, 0x0000000100000000)
  region size 1024K, 8 young (8192K), 1 survivors (1024K)
 Metaspace       used 4674K, committed 4864K, reserved 1114112K
  class space    used 484K, committed 576K, reserved 1048576K
}
Event: 0.330 GC heap after
{Heap after GC invocations=3 (full 0):
 garbage-first heap   total 126976K, used 97608K [0x0000000084c00000, 0x0000000100000000)
  region size 1024K, 1 young (1024K), 1 survivors (1024K)
 Metaspace       used 4674K, committed 4864K, reserved 1114112K
  class space    used 484K, committed 576K, reserved 1048576K
}
Event: 0.367 GC heap before
{Heap before GC invocations=4 (full 0):
 garbage-first heap   total 167936K, used 105800K [0x0000000084c00000, 0x0000000100000000)
  region size 1024K, 10 young (10240K), 1 survivors (1024K)
 Metaspace       used 4674K, committed 4864K, reserved 1114112K
  class space    used 484K, committed 576K, reserved 1048576K
}
Event: 0.368 GC heap after
{Heap after GC invocations=5 (full 0):
 garbage-first heap   total 167936K, used 97534K [0x0000000084c00000, 0x0000000100000000)
  region size 1024K, 1 young (1024K), 1 survivors (1024K)
 Metaspace       used 4674K, committed 4864K, reserved 1114112K
  class space    used 484K, committed 576K, reserved 1048576K
}
Event: 0.530 GC heap before
{Heap before GC invocations=5 (full 0):
 garbage-first heap   total 167936K, used 143614K [0x0000000084c00000, 0x0000000100000000)
  region size 1024K, 47 young (48128K), 1 survivors (1024K)
 Metaspace       used 4674K, committed 4864K, reserved 1114112K
  class space    used 484K, committed 576K, reserved 1048576K
}
Event: 0.531 GC heap after
{Heap after GC invocations=6 (full 0):
 garbage-first heap   total 167936K, used 97518K [0x0000000084c00000, 0x0000000100000000)
  region size 1024K, 1 young (1024K), 1 survivors (1024K)
 Metaspace       used 4674K, committed 4864K, reserved 1114112K
  class space    used 484K, committed 576K, reserved 1048576K
}
Event: 0.601 GC heap before
{Heap before GC invocations=7 (full 0):
 garbage-first heap   total 167936K, used 117998K [0x0000000084c00000, 0x0000000100000000)
  region size 1024K, 23 young (23552K), 1 survivors (1024K)
 Metaspace       used 4685K, committed 4864K, reserved 1114112K
  class space    used 486K, committed 576K, reserved 1048576K
}

