# JRE version: Java(TM) SE Runtime Environment (18.0.2+9) (build 18.0.2+9-61)
# Java VM: Java HotSpot(TM) 64-Bit Server VM (18.0.2+9-61, mixed mode, sharing, tiered, compressed oops, compressed class ptrs, g1 gc, windows-amd64)
GC Precious Log:
 CardTable entry size: 512
 Card Set container configuration: InlinePtr #cards 5 size 8 Array Of Cards #cards 12 size 40 Howl #buckets 4 coarsen threshold 1843 Howl Bitmap #cards 512 size 80 coarsen threshold 460 Card regions per heap region 1 cards per card region 2048
 CPUs: 4 total, 4 available
 Memory: 7886M
 Large Page Support: Disabled
 NUMA Support: Disabled
 Compressed Oops: Enabled (32-bit)
 Heap Region Size: 1M
 Heap Min Capacity: 8M
 Heap Initial Capacity: 8M
 Heap Max Capacity: 1972M
 Pre-touch: Disabled
 Parallel Workers: 4
 Concurrent Workers: 1
 Concurrent Refinement Workers: 4
 Periodic GC: Disabled
Heap:
 garbage-first heap   total 8192K, used 2258K [0x0000000084c00000, 0x0000000100000000)
  region size 1024K, 2 young (2048K), 1 survivors (1024K)
 Metaspace       used 7228K, committed 7360K, reserved 1114112K
  class space    used 830K, committed 896K, reserved 1048576K
GC Heap History (6 events):
Event: 0.202 GC heap before
{Heap before GC invocations=0 (full 0):
 garbage-first heap   total 8192K, used 3072K [0x0000000084c00000, 0x0000000100000000)
  region size 1024K, 3 young (3072K), 0 survivors (0K)
 Metaspace       used 2718K, committed 2944K, reserved 1114112K
  class space    used 334K, committed 448K, reserved 1048576K
}
Event: 0.205 GC heap after
{Heap after GC invocations=1 (full 0):
 garbage-first heap   total 8192K, used 1168K [0x0000000084c00000, 0x0000000100000000)
  region size 1024K, 1 young (1024K), 1 survivors (1024K)
 Metaspace       used 2718K, committed 2944K, reserved 1114112K
  class space    used 334K, committed 448K, reserved 1048576K
}
Event: 0.296 GC heap before
{Heap before GC invocations=1 (full 0):
 garbage-first heap   total 8192K, used 2192K [0x0000000084c00000, 0x0000000100000000)
  region size 1024K, 2 young (2048K), 1 survivors (1024K)
 Metaspace       used 5121K, committed 5312K, reserved 1114112K
  class space    used 614K, committed 704K, reserved 1048576K
}
Event: 0.298 GC heap after
{Heap after GC invocations=2 (full 0):
 garbage-first heap   total 8192K, used 1810K [0x0000000084c00000, 0x0000000100000000)
  region size 1024K, 1 young (1024K), 1 survivors (1024K)
 Metaspace       used 5121K, committed 5312K, reserved 1114112K
  class space    used 614K, committed 704K, reserved 1048576K
}
Event: 0.347 GC heap before
{Heap before GC invocations=2 (full 0):
 garbage-first heap   total 8192K, used 2834K [0x0000000084c00000, 0x0000000100000000)
  region size 1024K, 2 young (2048K), 1 survivors (1024K)
 Metaspace       used 6682K, committed 6912K, reserved 1114112K
  class space    used 784K, committed 896K, reserved 1048576K
}
Event: 0.349 GC heap after
{Heap after GC invocations=3 (full 0):
 garbage-first heap   total 8192K, used 2258K [0x0000000084c00000, 0x0000000100000000)
  region size 1024K, 1 young (1024K), 1 survivors (1024K)
 Metaspace       used 6682K, committed 6912K, reserved 1114112K
  class space    used 784K, committed 896K, reserved 1048576K
}

